# JRE version: Java(TM) SE Runtime Environment (8.0_25-b18) (build 1.8.0_25-b18)
# Java VM: Java HotSpot(TM) 64-Bit Server VM (25.25-b02 mixed mode windows-amd64 compressed oops)
Heap:
 PSYoungGen      total 222720K, used 191234K [0x00000000d5c00000, 0x00000000e8100000, 0x0000000100000000)
  eden space 205824K, 85% used [0x00000000d5c00000,0x00000000e074b188,0x00000000e2500000)
  from space 16896K, 93% used [0x00000000e2500000,0x00000000e3475990,0x00000000e3580000)
  to   space 18432K, 0% used [0x00000000e6f00000,0x00000000e6f00000,0x00000000e8100000)
 ParOldGen       total 97280K, used 22226K [0x0000000081400000, 0x0000000087300000, 0x00000000d5c00000)
  object space 97280K, 22% used [0x0000000081400000,0x00000000829b4a60,0x0000000087300000)
 Metaspace       used 56212K, capacity 56794K, committed 57216K, reserved 1099776K
  class space    used 7083K, capacity 7190K, committed 7296K, reserved 1048576K
GC Heap History (10 events):
Event: 4.163 GC heap before
{Heap before GC invocations=9 (full 1):
 PSYoungGen      total 115200K, used 113409K [0x00000000d5c00000, 0x00000000e0e80000, 0x0000000100000000)
  eden space 102912K, 100% used [0x00000000d5c00000,0x00000000dc080000,0x00000000dc080000)
  from space 12288K, 85% used [0x00000000dc080000,0x00000000dcac05a8,0x00000000dcc80000)
  to   space 13312K, 0% used [0x00000000e0180000,0x00000000e0180000,0x00000000e0e80000)
 ParOldGen       total 65536K, used 10835K [0x0000000081400000, 0x0000000085400000, 0x00000000d5c00000)
  object space 65536K, 16% used [0x0000000081400000,0x0000000081e94c20,0x0000000085400000)
 Metaspace       used 32024K, capacity 32324K, committed 32768K, reserved 1077248K
  class space    used 3944K, capacity 4009K, committed 4096K, reserved 1048576K
Event: 4.177 GC heap after
Heap after GC invocations=9 (full 1):
 PSYoungGen      total 168448K, used 11184K [0x00000000d5c00000, 0x00000000e1080000, 0x0000000100000000)
  eden space 155136K, 0% used [0x00000000d5c00000,0x00000000d5c00000,0x00000000df380000)
  from space 13312K, 84% used [0x00000000e0180000,0x00000000e0c6c108,0x00000000e0e80000)
  to   space 14336K, 0% used [0x00000000df380000,0x00000000df380000,0x00000000e0180000)
 ParOldGen       total 65536K, used 10843K [0x0000000081400000, 0x0000000085400000, 0x00000000d5c00000)
  object space 65536K, 16% used [0x0000000081400000,0x0000000081e96c20,0x0000000085400000)
 Metaspace       used 32024K, capacity 32324K, committed 32768K, reserved 1077248K
  class space    used 3944K, capacity 4009K, committed 4096K, reserved 1048576K
}
Event: 4.539 GC heap before
{Heap before GC invocations=10 (full 1):
 PSYoungGen      total 168448K, used 50788K [0x00000000d5c00000, 0x00000000e1080000, 0x0000000100000000)
  eden space 155136K, 25% used [0x00000000d5c00000,0x00000000d82ad1a0,0x00000000df380000)
  from space 13312K, 84% used [0x00000000e0180000,0x00000000e0c6c108,0x00000000e0e80000)
  to   space 14336K, 0% used [0x00000000df380000,0x00000000df380000,0x00000000e0180000)
 ParOldGen       total 65536K, used 10843K [0x0000000081400000, 0x0000000085400000, 0x00000000d5c00000)
  object space 65536K, 16% used [0x0000000081400000,0x0000000081e96c20,0x0000000085400000)
 Metaspace       used 34976K, capacity 35254K, committed 35496K, reserved 1081344K
  class space    used 4240K, capacity 4300K, committed 4352K, reserved 1048576K
Event: 4.558 GC heap after
Heap after GC invocations=10 (full 1):
 PSYoungGen      total 169472K, used 13193K [0x00000000d5c00000, 0x00000000e4780000, 0x0000000100000000)
  eden space 155136K, 0% used [0x00000000d5c00000,0x00000000d5c00000,0x00000000df380000)
  from space 14336K, 92% used [0x00000000df380000,0x00000000e0062718,0x00000000e0180000)
  to   space 15872K, 0% used [0x00000000e3800000,0x00000000e3800000,0x00000000e4780000)
 ParOldGen       total 65536K, used 10851K [0x0000000081400000, 0x0000000085400000, 0x00000000d5c00000)
  object space 65536K, 16% used [0x0000000081400000,0x0000000081e98c20,0x0000000085400000)
 Metaspace       used 34976K, capacity 35254K, committed 35496K, reserved 1081344K
  class space    used 4240K, capacity 4300K, committed 4352K, reserved 1048576K
}
Event: 4.558 GC heap before
{Heap before GC invocations=11 (full 2):
 PSYoungGen      total 169472K, used 13193K [0x00000000d5c00000, 0x00000000e4780000, 0x0000000100000000)
  eden space 155136K, 0% used [0x00000000d5c00000,0x00000000d5c00000,0x00000000df380000)
  from space 14336K, 92% used [0x00000000df380000,0x00000000e0062718,0x00000000e0180000)
  to   space 15872K, 0% used [0x00000000e3800000,0x00000000e3800000,0x00000000e4780000)
 ParOldGen       total 65536K, used 10851K [0x0000000081400000, 0x0000000085400000, 0x00000000d5c00000)
  object space 65536K, 16% used [0x0000000081400000,0x0000000081e98c20,0x0000000085400000)
 Metaspace       used 34976K, capacity 35254K, committed 35496K, reserved 1081344K
  class space    used 4240K, capacity 4300K, committed 4352K, reserved 1048576K
Event: 4.630 GC heap after
Heap after GC invocations=11 (full 2):
 PSYoungGen      total 169472K, used 0K [0x00000000d5c00000, 0x00000000e4780000, 0x0000000100000000)
  eden space 155136K, 0% used [0x00000000d5c00000,0x00000000d5c00000,0x00000000df380000)
  from space 14336K, 0% used [0x00000000df380000,0x00000000df380000,0x00000000e0180000)
  to   space 15872K, 0% used [0x00000000e3800000,0x00000000e3800000,0x00000000e4780000)
 ParOldGen       total 97280K, used 22202K [0x0000000081400000, 0x0000000087300000, 0x00000000d5c00000)
  object space 97280K, 22% used [0x0000000081400000,0x00000000829aea48,0x0000000087300000)
 Metaspace       used 34976K, capacity 35254K, committed 35496K, reserved 1081344K
  class space    used 4240K, capacity 4300K, committed 4352K, reserved 1048576K
}
Event: 6.278 GC heap before
{Heap before GC invocations=12 (full 2):
 PSYoungGen      total 169472K, used 155136K [0x00000000d5c00000, 0x00000000e4780000, 0x0000000100000000)
  eden space 155136K, 100% used [0x00000000d5c00000,0x00000000df380000,0x00000000df380000)
  from space 14336K, 0% used [0x00000000df380000,0x00000000df380000,0x00000000e0180000)
  to   space 15872K, 0% used [0x00000000e3800000,0x00000000e3800000,0x00000000e4780000)
 ParOldGen       total 97280K, used 22202K [0x0000000081400000, 0x0000000087300000, 0x00000000d5c00000)
  object space 97280K, 22% used [0x0000000081400000,0x00000000829aea48,0x0000000087300000)
 Metaspace       used 45593K, capacity 46042K, committed 46336K, reserved 1089536K
  class space    used 5740K, capacity 5826K, committed 5888K, reserved 1048576K
Event: 6.291 GC heap after
Heap after GC invocations=12 (full 2):
 PSYoungGen      total 217600K, used 13839K [0x00000000d5c00000, 0x00000000e4600000, 0x0000000100000000)
  eden space 203264K, 0% used [0x00000000d5c00000,0x00000000d5c00000,0x00000000e2280000)
  from space 14336K, 96% used [0x00000000e3800000,0x00000000e4583f48,0x00000000e4600000)
  to   space 16896K, 0% used [0x00000000e2500000,0x00000000e2500000,0x00000000e3580000)
 ParOldGen       total 97280K, used 22218K [0x0000000081400000, 0x0000000087300000, 0x00000000d5c00000)
  object space 97280K, 22% used [0x0000000081400000,0x00000000829b2a60,0x0000000087300000)
 Metaspace       used 45593K, capacity 46042K, committed 46336K, reserved 1089536K
  class space    used 5740K, capacity 5826K, committed 5888K, reserved 1048576K
}
Event: 8.018 GC heap before
{Heap before GC invocations=13 (full 2):
 PSYoungGen      total 217600K, used 217103K [0x00000000d5c00000, 0x00000000e4600000, 0x0000000100000000)
  eden space 203264K, 100% used [0x00000000d5c00000,0x00000000e2280000,0x00000000e2280000)
  from space 14336K, 96% used [0x00000000e3800000,0x00000000e4583f48,0x00000000e4600000)
  to   space 16896K, 0% used [0x00000000e2500000,0x00000000e2500000,0x00000000e3580000)
 ParOldGen       total 97280K, used 22218K [0x0000000081400000, 0x0000000087300000, 0x00000000d5c00000)
  object space 97280K, 22% used [0x0000000081400000,0x00000000829b2a60,0x0000000087300000)
 Metaspace       used 50040K, capacity 50524K, committed 50816K, reserved 1093632K
  class space    used 6353K, capacity 6461K, committed 6528K, reserved 1048576K
Event: 8.040 GC heap after
Heap after GC invocations=13 (full 2):
 PSYoungGen      total 222720K, used 15830K [0x00000000d5c00000, 0x00000000e8100000, 0x0000000100000000)
  eden space 205824K, 0% used [0x00000000d5c00000,0x00000000d5c00000,0x00000000e2500000)
  from space 16896K, 93% used [0x00000000e2500000,0x00000000e3475990,0x00000000e3580000)
  to   space 18432K, 0% used [0x00000000e6f00000,0x00000000e6f00000,0x00000000e8100000)
 ParOldGen       total 97280K, used 22226K [0x0000000081400000, 0x0000000087300000, 0x00000000d5c00000)
  object space 97280K, 22% used [0x0000000081400000,0x00000000829b4a60,0x0000000087300000)
 Metaspace       used 50040K, capacity 50524K, committed 50816K, reserved 1093632K
  class space    used 6353K, capacity 6461K, committed 6528K, reserved 1048576K
}

