# JRE version: Java(TM) SE Runtime Environment (8.0_25-b18) (build 1.8.0_25-b18)
# Java VM: Java HotSpot(TM) 64-Bit Server VM (25.25-b02 mixed mode windows-amd64 compressed oops)
Heap:
 PSYoungGen      total 111104K, used 50611K [0x00000000d5c00000, 0x00000000ded00000, 0x0000000100000000)
  eden space 103424K, 41% used [0x00000000d5c00000,0x00000000d86162b0,0x00000000dc100000)
  from space 7680K, 97% used [0x00000000de580000,0x00000000decd6c38,0x00000000ded00000)
  to   space 8704K, 0% used [0x00000000ddc00000,0x00000000ddc00000,0x00000000de480000)
 ParOldGen       total 56320K, used 7222K [0x0000000081400000, 0x0000000084b00000, 0x00000000d5c00000)
  object space 56320K, 12% used [0x0000000081400000,0x0000000081b0d968,0x0000000084b00000)
 Metaspace       used 30803K, capacity 31066K, committed 31616K, reserved 1077248K
  class space    used 3819K, capacity 3865K, committed 3968K, reserved 1048576K
GC Heap History (10 events):
Event: 1.316 GC heap before
{Heap before GC invocations=3 (full 0):
 PSYoungGen      total 38400K, used 38253K [0x00000000d5c00000, 0x00000000da700000, 0x0000000100000000)
  eden space 33280K, 100% used [0x00000000d5c00000,0x00000000d7c80000,0x00000000d7c80000)
  from space 5120K, 97% used [0x00000000d8180000,0x00000000d865b430,0x00000000d8680000)
  to   space 5120K, 0% used [0x00000000d7c80000,0x00000000d7c80000,0x00000000d8180000)
 ParOldGen       total 87552K, used 144K [0x0000000081400000, 0x0000000086980000, 0x00000000d5c00000)
  object space 87552K, 0% used [0x0000000081400000,0x0000000081424020,0x0000000086980000)
 Metaspace       used 14497K, capacity 14672K, committed 14848K, reserved 1062912K
  class space    used 1694K, capacity 1725K, committed 1792K, reserved 1048576K
Event: 1.321 GC heap after
Heap after GC invocations=3 (full 0):
 PSYoungGen      total 38400K, used 5113K [0x00000000d5c00000, 0x00000000da700000, 0x0000000100000000)
  eden space 33280K, 0% used [0x00000000d5c00000,0x00000000d5c00000,0x00000000d7c80000)
  from space 5120K, 99% used [0x00000000d7c80000,0x00000000d817e640,0x00000000d8180000)
  to   space 5120K, 0% used [0x00000000da200000,0x00000000da200000,0x00000000da700000)
 ParOldGen       total 87552K, used 326K [0x0000000081400000, 0x0000000086980000, 0x00000000d5c00000)
  object space 87552K, 0% used [0x0000000081400000,0x00000000814519b0,0x0000000086980000)
 Metaspace       used 14497K, capacity 14672K, committed 14848K, reserved 1062912K
  class space    used 1694K, capacity 1725K, committed 1792K, reserved 1048576K
}
Event: 1.517 GC heap before
{Heap before GC invocations=4 (full 0):
 PSYoungGen      total 38400K, used 38393K [0x00000000d5c00000, 0x00000000da700000, 0x0000000100000000)
  eden space 33280K, 100% used [0x00000000d5c00000,0x00000000d7c80000,0x00000000d7c80000)
  from space 5120K, 99% used [0x00000000d7c80000,0x00000000d817e640,0x00000000d8180000)
  to   space 5120K, 0% used [0x00000000da200000,0x00000000da200000,0x00000000da700000)
 ParOldGen       total 87552K, used 326K [0x0000000081400000, 0x0000000086980000, 0x00000000d5c00000)
  object space 87552K, 0% used [0x0000000081400000,0x00000000814519b0,0x0000000086980000)
 Metaspace       used 17067K, capacity 17278K, committed 17536K, reserved 1064960K
  class space    used 2049K, capacity 2085K, committed 2176K, reserved 1048576K
Event: 1.531 GC heap after
Heap after GC invocations=4 (full 0):
 PSYoungGen      total 71680K, used 5118K [0x00000000d5c00000, 0x00000000da700000, 0x0000000100000000)
  eden space 66560K, 0% used [0x00000000d5c00000,0x00000000d5c00000,0x00000000d9d00000)
  from space 5120K, 99% used [0x00000000da200000,0x00000000da6ff800,0x00000000da700000)
  to   space 5120K, 0% used [0x00000000d9d00000,0x00000000d9d00000,0x00000000da200000)
 ParOldGen       total 87552K, used 1420K [0x0000000081400000, 0x0000000086980000, 0x00000000d5c00000)
  object space 87552K, 1% used [0x0000000081400000,0x00000000815631c8,0x0000000086980000)
 Metaspace       used 17067K, capacity 17278K, committed 17536K, reserved 1064960K
  class space    used 2049K, capacity 2085K, committed 2176K, reserved 1048576K
}
Event: 1.781 GC heap before
{Heap before GC invocations=5 (full 0):
 PSYoungGen      total 71680K, used 27849K [0x00000000d5c00000, 0x00000000da700000, 0x0000000100000000)
  eden space 66560K, 34% used [0x00000000d5c00000,0x00000000d7232ec0,0x00000000d9d00000)
  from space 5120K, 99% used [0x00000000da200000,0x00000000da6ff800,0x00000000da700000)
  to   space 5120K, 0% used [0x00000000d9d00000,0x00000000d9d00000,0x00000000da200000)
 ParOldGen       total 87552K, used 1420K [0x0000000081400000, 0x0000000086980000, 0x00000000d5c00000)
  object space 87552K, 1% used [0x0000000081400000,0x00000000815631c8,0x0000000086980000)
 Metaspace       used 20811K, capacity 20964K, committed 21296K, reserved 1069056K
  class space    used 2527K, capacity 2566K, committed 2688K, reserved 1048576K
Event: 1.789 GC heap after
Heap after GC invocations=5 (full 0):
 PSYoungGen      total 71680K, used 5099K [0x00000000d5c00000, 0x00000000ded00000, 0x0000000100000000)
  eden space 66560K, 0% used [0x00000000d5c00000,0x00000000d5c00000,0x00000000d9d00000)
  from space 5120K, 99% used [0x00000000d9d00000,0x00000000da1faf98,0x00000000da200000)
  to   space 7680K, 0% used [0x00000000de580000,0x00000000de580000,0x00000000ded00000)
 ParOldGen       total 87552K, used 3605K [0x0000000081400000, 0x0000000086980000, 0x00000000d5c00000)
  object space 87552K, 4% used [0x0000000081400000,0x00000000817857c8,0x0000000086980000)
 Metaspace       used 20811K, capacity 20964K, committed 21296K, reserved 1069056K
  class space    used 2527K, capacity 2566K, committed 2688K, reserved 1048576K
}
Event: 1.789 GC heap before
{Heap before GC invocations=6 (full 1):
 PSYoungGen      total 71680K, used 5099K [0x00000000d5c00000, 0x00000000ded00000, 0x0000000100000000)
  eden space 66560K, 0% used [0x00000000d5c00000,0x00000000d5c00000,0x00000000d9d00000)
  from space 5120K, 99% used [0x00000000d9d00000,0x00000000da1faf98,0x00000000da200000)
  to   space 7680K, 0% used [0x00000000de580000,0x00000000de580000,0x00000000ded00000)
 ParOldGen       total 87552K, used 3605K [0x0000000081400000, 0x0000000086980000, 0x00000000d5c00000)
  object space 87552K, 4% used [0x0000000081400000,0x00000000817857c8,0x0000000086980000)
 Metaspace       used 20811K, capacity 20964K, committed 21296K, reserved 1069056K
  class space    used 2527K, capacity 2566K, committed 2688K, reserved 1048576K
Event: 1.820 GC heap after
Heap after GC invocations=6 (full 1):
 PSYoungGen      total 71680K, used 0K [0x00000000d5c00000, 0x00000000ded00000, 0x0000000100000000)
  eden space 66560K, 0% used [0x00000000d5c00000,0x00000000d5c00000,0x00000000d9d00000)
  from space 5120K, 0% used [0x00000000d9d00000,0x00000000d9d00000,0x00000000da200000)
  to   space 7680K, 0% used [0x00000000de580000,0x00000000de580000,0x00000000ded00000)
 ParOldGen       total 56320K, used 7214K [0x0000000081400000, 0x0000000084b00000, 0x00000000d5c00000)
  object space 56320K, 12% used [0x0000000081400000,0x0000000081b0b968,0x0000000084b00000)
 Metaspace       used 20810K, capacity 20962K, committed 21296K, reserved 1069056K
  class space    used 2527K, capacity 2565K, committed 2688K, reserved 1048576K
}
Event: 2.837 GC heap before
{Heap before GC invocations=7 (full 1):
 PSYoungGen      total 71680K, used 66560K [0x00000000d5c00000, 0x00000000ded00000, 0x0000000100000000)
  eden space 66560K, 100% used [0x00000000d5c00000,0x00000000d9d00000,0x00000000d9d00000)
  from space 5120K, 0% used [0x00000000d9d00000,0x00000000d9d00000,0x00000000da200000)
  to   space 7680K, 0% used [0x00000000de580000,0x00000000de580000,0x00000000ded00000)
 ParOldGen       total 56320K, used 7214K [0x0000000081400000, 0x0000000084b00000, 0x00000000d5c00000)
  object space 56320K, 12% used [0x0000000081400000,0x0000000081b0b968,0x0000000084b00000)
 Metaspace       used 27537K, capacity 27738K, committed 28032K, reserved 1073152K
  class space    used 3399K, capacity 3433K, committed 3456K, reserved 1048576K
Event: 2.843 GC heap after
Heap after GC invocations=7 (full 1):
 PSYoungGen      total 111104K, used 7515K [0x00000000d5c00000, 0x00000000ded00000, 0x0000000100000000)
  eden space 103424K, 0% used [0x00000000d5c00000,0x00000000d5c00000,0x00000000dc100000)
  from space 7680K, 97% used [0x00000000de580000,0x00000000decd6c38,0x00000000ded00000)
  to   space 8704K, 0% used [0x00000000ddc00000,0x00000000ddc00000,0x00000000de480000)
 ParOldGen       total 56320K, used 7222K [0x0000000081400000, 0x0000000084b00000, 0x00000000d5c00000)
  object space 56320K, 12% used [0x0000000081400000,0x0000000081b0d968,0x0000000084b00000)
 Metaspace       used 27537K, capacity 27738K, committed 28032K, reserved 1073152K
  class space    used 3399K, capacity 3433K, committed 3456K, reserved 1048576K
}

